0 info it worked if it ends with ok
1 verbose cli [
1 verbose cli   'C:\\Program Files\\nodejs\\node.exe',
1 verbose cli   'D:\\office\\p2p_Landing\\node_modules\\npm\\bin\\npm-cli.js',
1 verbose cli   'run',
1 verbose cli   'prettier'
1 verbose cli ]
2 info using npm@3.10.7
3 info using node@v12.19.0
4 warn invalid config loglevel="notice"
5 verbose run-script [ 'prettier' ]
6 info lifecycle p2p-lending@0.1.0~prettier: p2p-lending@0.1.0
7 verbose lifecycle p2p-lending@0.1.0~prettier: unsafe-perm in lifecycle true
8 verbose lifecycle p2p-lending@0.1.0~prettier: PATH: D:\office\p2p_Landing\node_modules\npm\bin\node-gyp-bin;D:\office\p2p_Landing\node_modules\.bin;C:\Program Files\nodejs\node_modules\npm\node_modules\npm-lifecycle\node-gyp-bin;D:\office\p2p_Landing\node_modules\.bin;C:\Program Files\Git\mingw64\libexec\git-core;C:\Program Files\Git\mingw64\bin;C:\Program Files\Git\usr\bin;C:\Users\ASUS\bin;C:\Windows\system32;C:\Windows;C:\Windows\System32\Wbem;C:\Windows\System32\WindowsPowerShell\v1.0;C:\Windows\System32\OpenSSH;C:\Program Files\Microsoft VS Code\bin;C:\Program Files\nodejs;C:\Program Files\Git\cmd;C:\Program Files\MySQL\MySQL Shell 8.0\bin;C:\Users\ASUS\Anaconda3;C:\Users\ASUS\Anaconda3\Library\mingw-w64\bin;C:\Users\ASUS\Anaconda3\Library\usr\bin;C:\Users\ASUS\Anaconda3\Library\bin;C:\Users\ASUS\Anaconda3\Scripts;C:\Users\ASUS\AppData\Local\Microsoft\WindowsApps;C:\Users\ASUS\AppData\Local\Programs\Microsoft VS Code\bin;C:\Users\ASUS\AppData\Roaming\npm;C:\Program Files\MongoDB\Server\4.4\bin
9 verbose lifecycle p2p-lending@0.1.0~prettier: CWD: D:\office\p2p_Landing
10 silly lifecycle p2p-lending@0.1.0~prettier: Args: [ '/d /s /c', "prettier  'src/**/*.ts' --write" ]
11 silly lifecycle p2p-lending@0.1.0~prettier: Returned: code: 2  signal: null
12 info lifecycle p2p-lending@0.1.0~prettier: Failed to exec prettier script
13 verbose stack Error: p2p-lending@0.1.0 prettier: `prettier  'src/**/*.ts' --write`
13 verbose stack Exit status 2
13 verbose stack     at EventEmitter.<anonymous> (D:\office\p2p_Landing\node_modules\npm\lib\utils\lifecycle.js:255:16)
13 verbose stack     at EventEmitter.emit (events.js:314:20)
13 verbose stack     at ChildProcess.<anonymous> (D:\office\p2p_Landing\node_modules\npm\lib\utils\spawn.js:40:14)
13 verbose stack     at ChildProcess.emit (events.js:314:20)
13 verbose stack     at maybeClose (internal/child_process.js:1021:16)
13 verbose stack     at Process.ChildProcess._handle.onexit (internal/child_process.js:286:5)
14 verbose pkgid p2p-lending@0.1.0
15 verbose cwd D:\office\p2p_Landing
16 error Windows_NT 10.0.18363
17 error argv "C:\\Program Files\\nodejs\\node.exe" "D:\\office\\p2p_Landing\\node_modules\\npm\\bin\\npm-cli.js" "run" "prettier"
18 error node v12.19.0
19 error npm  v3.10.7
20 error code ELIFECYCLE
21 error p2p-lending@0.1.0 prettier: `prettier  'src/**/*.ts' --write`
21 error Exit status 2
22 error Failed at the p2p-lending@0.1.0 prettier script 'prettier  'src/**/*.ts' --write'.
22 error Make sure you have the latest version of node.js and npm installed.
22 error If you do, this is most likely a problem with the p2p-lending package,
22 error not with npm itself.
22 error Tell the author that this fails on your system:
22 error     prettier  'src/**/*.ts' --write
22 error You can get information on how to open an issue for this project with:
22 error     npm bugs p2p-lending
22 error Or if that isn't available, you can get their info via:
22 error     npm owner ls p2p-lending
22 error There is likely additional logging output above.
23 verbose exit [ 1, true ]
